<?xml version="1.0" encoding="UTF-8" ?>
<testsuite tests="28" failures="0" name="artOfTesting.googleCalcTest" time="2.507" errors="0" skipped="0">
  <properties>
    <property name="java.runtime.name" value="Java(TM) SE Runtime Environment"/>
    <property name="java.vm.version" value="11.0.1+13-LTS"/>
    <property name="sun.boot.library.path" value="C:\Program Files\Java\jdk-11.0.1\bin"/>
    <property name="maven.multiModuleProjectDirectory" value="D:\Workspace\MyDemoProject"/>
    <property name="java.vm.vendor" value="Oracle Corporation"/>
    <property name="java.vendor.url" value="http://java.oracle.com/"/>
    <property name="guice.disable.misplaced.annotation.check" value="true"/>
    <property name="path.separator" value=";"/>
    <property name="java.vm.name" value="Java HotSpot(TM) 64-Bit Server VM"/>
    <property name="sun.os.patch.level" value=""/>
    <property name="user.script" value=""/>
    <property name="user.country" value="US"/>
    <property name="sun.java.launcher" value="SUN_STANDARD"/>
    <property name="java.vm.specification.name" value="Java Virtual Machine Specification"/>
    <property name="user.dir" value="D:\Workspace\MyDemoProject"/>
    <property name="java.vm.compressedOopsMode" value="32-bit"/>
    <property name="java.runtime.version" value="11.0.1+13-LTS"/>
    <property name="java.awt.graphicsenv" value="sun.awt.Win32GraphicsEnvironment"/>
    <property name="os.arch" value="amd64"/>
    <property name="java.io.tmpdir" value="C:\Users\akashb\AppData\Local\Temp\"/>
    <property name="line.separator" value="
"/>
    <property name="java.vm.specification.vendor" value="Oracle Corporation"/>
    <property name="user.variant" value=""/>
    <property name="os.name" value="Windows 10"/>
    <property name="classworlds.conf" value="D:\Workspace\.metadata\.plugins\org.eclipse.m2e.launching\launches\m2conf1251484896958641557.tmp"/>
    <property name="sun.jnu.encoding" value="Cp1252"/>
    <property name="java.library.path" value="C:\Program Files\Java\jdk-11.0.1\bin;C:\Windows\Sun\Java\bin;C:\Windows\system32;C:\Windows;C:/Program Files/Java/jre1.8.0_191/bin/server;C:/Program Files/Java/jre1.8.0_191/bin;C:/Program Files/Java/jre1.8.0_191/lib/amd64;C:\Program Files (x86)\Common Files\Oracle\Java\javapath;C:\ProgramData\DockerDesktop\version-bin;C:\Program Files\Docker\Docker\Resources\bin;C:\Windows\system32;C:\Windows;C:\Windows\System32\Wbem;C:\Windows\System32\WindowsPowerShell\v1.0\;C:\Windows\System32\OpenSSH\;C:\Program Files\Microsoft SQL Server\120\DTS\Binn\;C:\Program Files\Microsoft SQL Server\Client SDK\ODBC\110\Tools\Binn\;C:\Program Files (x86)\Microsoft SQL Server\120\Tools\Binn\;C:\Program Files\Microsoft SQL Server\120\Tools\Binn\;C:\Program Files (x86)\Microsoft SQL Server\120\Tools\Binn\ManagementStudio\;C:\Program Files (x86)\Microsoft SQL Server\120\DTS\Binn\;C:\Program Files\dotnet\;C:\Program Files\Microsoft SQL Server\130\Tools\Binn\;C:\Program Files\Java\jdk-11.0.1\bin;C:\Program Files (x86)\Windows Kits\10\Windows Performance Toolkit\;C:\Users\akashb\AppData\Local\Microsoft\WindowsApps;C:\Program Files\Docker Toolbox;C:\Program Files\Java\jdk-11.0.1\bin;;D:\eclipse-jee-photon-R-win32-x86_64\eclipse;;."/>
    <property name="jdk.debug" value="release"/>
    <property name="java.class.version" value="55.0"/>
    <property name="java.specification.name" value="Java Platform API Specification"/>
    <property name="sun.management.compiler" value="HotSpot 64-Bit Tiered Compilers"/>
    <property name="os.version" value="10.0"/>
    <property name="user.home" value="C:\Users\akashb"/>
    <property name="user.timezone" value="Asia/Calcutta"/>
    <property name="java.awt.printerjob" value="sun.awt.windows.WPrinterJob"/>
    <property name="file.encoding" value="Cp1252"/>
    <property name="java.specification.version" value="11"/>
    <property name="user.name" value="akashb"/>
    <property name="java.class.path" value="D:\eclipse-jee-photon-R-win32-x86_64\eclipse\plugins\org.eclipse.m2e.maven.runtime_1.9.0.20180606-2035\jars\plexus-classworlds-2.5.2.jar"/>
    <property name="java.vm.specification.version" value="11"/>
    <property name="sun.arch.data.model" value="64"/>
    <property name="sun.java.command" value="org.codehaus.plexus.classworlds.launcher.Launcher -B test"/>
    <property name="java.home" value="C:\Program Files\Java\jdk-11.0.1"/>
    <property name="user.language" value="en"/>
    <property name="java.specification.vendor" value="Oracle Corporation"/>
    <property name="awt.toolkit" value="sun.awt.windows.WToolkit"/>
    <property name="java.vm.info" value="mixed mode"/>
    <property name="java.version" value="11.0.1"/>
    <property name="java.vendor" value="Oracle Corporation"/>
    <property name="maven.home" value="D:\Workspace\MyDemoProject\EMBEDDED"/>
    <property name="file.separator" value="\"/>
    <property name="java.version.date" value="2018-10-16"/>
    <property name="java.vendor.url.bug" value="http://bugreport.java.com/bugreport/"/>
    <property name="sun.io.unicode.encoding" value="UnicodeLittle"/>
    <property name="sun.cpu.endian" value="little"/>
    <property name="java.vendor.version" value="18.9"/>
    <property name="sun.desktop" value="windows"/>
    <property name="sun.cpu.isalist" value="amd64"/>
  </properties>
  <testcase classname="| https://www.google.co.in | 5 | 4 | + | 9 |" name="Given open google url&quot;https://www.google.co.in&quot;" time="0.002"/>
  <testcase classname="| https://www.google.co.in | 5 | 4 | + | 9 |" name="When enter details&quot;5&quot;in text box" time="0"/>
  <testcase classname="| https://www.google.co.in | 5 | 4 | + | 9 |" name="And enter details&quot;+&quot;in text box" time="0"/>
  <testcase classname="| https://www.google.co.in | 5 | 4 | + | 9 |" name="And enter details&quot;4&quot;in text box" time="0"/>
  <testcase classname="| https://www.google.co.in | 5 | 4 | + | 9 |" name="And hit on enter key" time="0"/>
  <testcase classname="| https://www.google.co.in | 5 | 4 | + | 9 |" name="Then result&quot;9&quot;should be displayed in box" time="0"/>
  <testcase classname="| https://www.google.co.in | 5 | 4 | + | 9 |" name="| https://www.google.co.in | 5 | 4 | + | 9 |" time="0.643"/>
  <testcase classname="| https://www.google.co.in | 5 | 25 | + | 30 |" name="Given open google url&quot;https://www.google.co.in&quot;" time="0"/>
  <testcase classname="| https://www.google.co.in | 5 | 25 | + | 30 |" name="When enter details&quot;5&quot;in text box" time="0"/>
  <testcase classname="| https://www.google.co.in | 5 | 25 | + | 30 |" name="And enter details&quot;+&quot;in text box" time="0"/>
  <testcase classname="| https://www.google.co.in | 5 | 25 | + | 30 |" name="And enter details&quot;25&quot;in text box" time="0"/>
  <testcase classname="| https://www.google.co.in | 5 | 25 | + | 30 |" name="And hit on enter key" time="0"/>
  <testcase classname="| https://www.google.co.in | 5 | 25 | + | 30 |" name="Then result&quot;30&quot;should be displayed in box" time="0"/>
  <testcase classname="| https://www.google.co.in | 5 | 25 | + | 30 |" name="| https://www.google.co.in | 5 | 25 | + | 30 |" time="0.612"/>
  <testcase classname="| https://www.google.co.in | 50 | 25 | - | 25 |" name="Given open google url&quot;https://www.google.co.in&quot;" time="0"/>
  <testcase classname="| https://www.google.co.in | 50 | 25 | - | 25 |" name="When enter details&quot;50&quot;in text box" time="0"/>
  <testcase classname="| https://www.google.co.in | 50 | 25 | - | 25 |" name="And enter details&quot;-&quot;in text box" time="0"/>
  <testcase classname="| https://www.google.co.in | 50 | 25 | - | 25 |" name="And enter details&quot;25&quot;in text box" time="0"/>
  <testcase classname="| https://www.google.co.in | 50 | 25 | - | 25 |" name="And hit on enter key" time="0"/>
  <testcase classname="| https://www.google.co.in | 50 | 25 | - | 25 |" name="Then result&quot;25&quot;should be displayed in box" time="0"/>
  <testcase classname="| https://www.google.co.in | 50 | 25 | - | 25 |" name="| https://www.google.co.in | 50 | 25 | - | 25 |" time="0.619"/>
  <testcase classname="| https://www.google.co.in | 5 | 25 | + | 30 |" name="Given open google url&quot;https://www.google.co.in&quot;" time="0"/>
  <testcase classname="| https://www.google.co.in | 5 | 25 | + | 30 |" name="When enter details&quot;5&quot;in text box" time="0"/>
  <testcase classname="| https://www.google.co.in | 5 | 25 | + | 30 |" name="And enter details&quot;+&quot;in text box" time="0"/>
  <testcase classname="| https://www.google.co.in | 5 | 25 | + | 30 |" name="And enter details&quot;25&quot;in text box" time="0"/>
  <testcase classname="| https://www.google.co.in | 5 | 25 | + | 30 |" name="And hit on enter key" time="0"/>
  <testcase classname="| https://www.google.co.in | 5 | 25 | + | 30 |" name="Then result&quot;30&quot;should be displayed in box" time="0"/>
  <testcase classname="| https://www.google.co.in | 5 | 25 | + | 30 |" name="| https://www.google.co.in | 5 | 25 | + | 30 |" time="0.631"/>
</testsuite>